<?xml version="1.0" encoding="UTF-8"?>
<!-- Generated by org.testng.reporters.JUnitReportReporter -->
<testsuite name="Guru99_2.TC2" tests="5" time="4.072" ignored="0" failures="0" timestamp="29 May 2019 06:11:26 GMT" skipped="0" hostname="DESKTOP-DVEOUHU" errors="0">
  <testcase name="readXperiaValue" time="0.033" classname="Guru99_2.TC2"/>
  <testcase name="clickOnMobile" time="1.610" classname="Guru99_2.TC2"/>
  <testcase name="clickOnXperia" time="2.402" classname="Guru99_2.TC2"/>
  <testcase name="readXperiaDetailValue" time="0.025" classname="Guru99_2.TC2"/>
  <testcase name="comparevalues" time="0.002" classname="Guru99_2.TC2"/>
</testsuite> <!-- Guru99_2.TC2 -->
