<?xml version="1.0" encoding="UTF-8"?>
<!-- Generated by org.testng.reporters.JUnitReportReporter -->
<testsuite name="Guru99_bank.Day5" tests="4" time="59.318" ignored="0" failures="0" timestamp="24 May 2019 10:08:44 GMT" skipped="0" hostname="DESKTOP-DVEOUHU" errors="0">
  <testcase name="day5testcase" time="11.715" classname="Guru99_bank.Day5"/>
  <testcase name="day5testcase" time="28.830" classname="Guru99_bank.Day5"/>
  <testcase name="day5testcase" time="9.236" classname="Guru99_bank.Day5"/>
  <testcase name="day5testcase" time="9.537" classname="Guru99_bank.Day5"/>
</testsuite> <!-- Guru99_bank.Day5 -->
